<?xml version="1.0" encoding="UTF-8"?>
<!-- Generated by org.testng.reporters.JUnitXMLReporter -->
<testsuite hostname="DESKTOP-SKO4EKV" ignored="0" name="Test" tests="3" failures="0" timestamp="2019-12-31T15:25:21 IST" time="2.052" errors="0">
  <testcase name="GetTest" time="0.546" classname="api_pkg.APITestAdv"/>
  <testcase name="TestUnmarshall" time="0.59" classname="api_pkg.APITestAdv"/>
  <testcase name="TestUnmarshallGeneric" time="0.291" classname="api_pkg.APITestAdv"/>
</testsuite> <!-- Test -->
