<?xml version="1.0" encoding="UTF-8"?>
<testng-results skipped="0" failed="0" ignored="0" total="1" passed="1">
  <reporter-output>
  </reporter-output>
  <suite name="Default suite" duration-ms="1122" started-at="2019-11-25T15:51:31 IST" finished-at="2019-11-25T15:51:32 IST">
    <groups>
    </groups>
    <test name="Default test" duration-ms="1122" started-at="2019-11-25T15:51:31 IST" finished-at="2019-11-25T15:51:32 IST">
      <class name="api_pkg.APITestAdv">
        <test-method status="PASS" signature="setConn()[pri:0, instance:api_pkg.APITestAdv@72b6cbcc]" name="setConn" is-config="true" duration-ms="429" started-at="2019-11-25T15:51:31 IST" finished-at="2019-11-25T15:51:31 IST">
          <reporter-output>
          </reporter-output>
        </test-method> <!-- setConn -->
        <test-method status="PASS" signature="TestUnmarshallGeneric()[pri:0, instance:api_pkg.APITestAdv@72b6cbcc]" name="TestUnmarshallGeneric" duration-ms="662" started-at="2019-11-25T15:51:31 IST" finished-at="2019-11-25T15:51:32 IST">
          <reporter-output>
          </reporter-output>
        </test-method> <!-- TestUnmarshallGeneric -->
        <test-method status="PASS" signature="closeConn()[pri:0, instance:api_pkg.APITestAdv@72b6cbcc]" name="closeConn" is-config="true" duration-ms="1" started-at="2019-11-25T15:51:32 IST" finished-at="2019-11-25T15:51:32 IST">
          <reporter-output>
          </reporter-output>
        </test-method> <!-- closeConn -->
      </class> <!-- api_pkg.APITestAdv -->
    </test> <!-- Default test -->
  </suite> <!-- Default suite -->
</testng-results>
