<?xml version="1.0" encoding="UTF-8"?>
<testng-results skipped="0" failed="0" ignored="0" total="3" passed="3">
  <reporter-output>
  </reporter-output>
  <suite name="Suite" duration-ms="2052" started-at="2019-12-31T15:25:19 IST" finished-at="2019-12-31T15:25:21 IST">
    <groups>
    </groups>
    <test name="Test" duration-ms="2052" started-at="2019-12-31T15:25:19 IST" finished-at="2019-12-31T15:25:21 IST">
      <class name="api_pkg.APITestAdv">
        <test-method status="PASS" signature="setConn()[pri:0, instance:api_pkg.APITestAdv@5a8806ef]" name="setConn" is-config="true" duration-ms="558" started-at="2019-12-31T15:25:19 IST" finished-at="2019-12-31T15:25:19 IST">
          <reporter-output>
          </reporter-output>
        </test-method> <!-- setConn -->
        <test-method status="PASS" signature="GetTest()[pri:0, instance:api_pkg.APITestAdv@5a8806ef]" name="GetTest" duration-ms="546" started-at="2019-12-31T15:25:19 IST" finished-at="2019-12-31T15:25:20 IST">
          <reporter-output>
          </reporter-output>
        </test-method> <!-- GetTest -->
        <test-method status="PASS" signature="closeConn()[pri:0, instance:api_pkg.APITestAdv@5a8806ef]" name="closeConn" is-config="true" duration-ms="1" started-at="2019-12-31T15:25:20 IST" finished-at="2019-12-31T15:25:20 IST">
          <reporter-output>
          </reporter-output>
        </test-method> <!-- closeConn -->
        <test-method status="PASS" signature="setConn()[pri:0, instance:api_pkg.APITestAdv@5a8806ef]" name="setConn" is-config="true" duration-ms="5" started-at="2019-12-31T15:25:20 IST" finished-at="2019-12-31T15:25:20 IST">
          <reporter-output>
          </reporter-output>
        </test-method> <!-- setConn -->
        <test-method status="PASS" signature="TestUnmarshall()[pri:0, instance:api_pkg.APITestAdv@5a8806ef]" name="TestUnmarshall" duration-ms="590" started-at="2019-12-31T15:25:20 IST" finished-at="2019-12-31T15:25:21 IST">
          <reporter-output>
          </reporter-output>
        </test-method> <!-- TestUnmarshall -->
        <test-method status="PASS" signature="closeConn()[pri:0, instance:api_pkg.APITestAdv@5a8806ef]" name="closeConn" is-config="true" duration-ms="1" started-at="2019-12-31T15:25:21 IST" finished-at="2019-12-31T15:25:21 IST">
          <reporter-output>
          </reporter-output>
        </test-method> <!-- closeConn -->
        <test-method status="PASS" signature="setConn()[pri:0, instance:api_pkg.APITestAdv@5a8806ef]" name="setConn" is-config="true" duration-ms="4" started-at="2019-12-31T15:25:21 IST" finished-at="2019-12-31T15:25:21 IST">
          <reporter-output>
          </reporter-output>
        </test-method> <!-- setConn -->
        <test-method status="PASS" signature="TestUnmarshallGeneric()[pri:0, instance:api_pkg.APITestAdv@5a8806ef]" name="TestUnmarshallGeneric" duration-ms="291" started-at="2019-12-31T15:25:21 IST" finished-at="2019-12-31T15:25:21 IST">
          <reporter-output>
          </reporter-output>
        </test-method> <!-- TestUnmarshallGeneric -->
        <test-method status="PASS" signature="closeConn()[pri:0, instance:api_pkg.APITestAdv@5a8806ef]" name="closeConn" is-config="true" duration-ms="1" started-at="2019-12-31T15:25:21 IST" finished-at="2019-12-31T15:25:21 IST">
          <reporter-output>
          </reporter-output>
        </test-method> <!-- closeConn -->
      </class> <!-- api_pkg.APITestAdv -->
    </test> <!-- Test -->
  </suite> <!-- Suite -->
</testng-results>
